# JRE version: Java(TM) SE Runtime Environment (17.0.12+8) (build 17.0.12+8-LTS-286)
# Java VM: Java HotSpot(TM) 64-Bit Server VM (17.0.12+8-LTS-286, mixed mode, sharing, tiered, compressed oops, compressed class ptrs, g1 gc, windows-amd64)
GC Precious Log:
 CPUs: 4 total, 4 available
 Memory: 3962M
 Large Page Support: Disabled
 NUMA Support: Disabled
 Compressed Oops: Enabled (32-bit)
 Heap Region Size: 1M
 Heap Min Capacity: 8M
 Heap Initial Capacity: 62M
 Heap Max Capacity: 992M
 Pre-touch: Disabled
 Parallel Workers: 4
 Concurrent Workers: 1
 Concurrent Refinement Workers: 4
 Periodic GC: Disabled
Heap:
 garbage-first heap   total 83968K, used 27979K [0x00000000c2000000, 0x0000000100000000)
  region size 1024K, 12 young (12288K), 3 survivors (3072K)
 Metaspace       used 21006K, committed 21248K, reserved 1114112K
  class space    used 2484K, committed 2624K, reserved 1048576K
GC Heap History (18 events):
Event: 0.999 GC heap before
{Heap before GC invocations=0 (full 0):
 garbage-first heap   total 63488K, used 13312K [0x00000000c2000000, 0x0000000100000000)
  region size 1024K, 13 young (13312K), 0 survivors (0K)
 Metaspace       used 3587K, committed 3776K, reserved 1114112K
  class space    used 387K, committed 448K, reserved 1048576K
}
Event: 1.008 GC heap after
{Heap after GC invocations=1 (full 0):
 garbage-first heap   total 63488K, used 3200K [0x00000000c2000000, 0x0000000100000000)
  region size 1024K, 2 young (2048K), 2 survivors (2048K)
 Metaspace       used 3587K, committed 3776K, reserved 1114112K
  class space    used 387K, committed 448K, reserved 1048576K
}
Event: 1.361 GC heap before
{Heap before GC invocations=1 (full 0):
 garbage-first heap   total 63488K, used 14464K [0x00000000c2000000, 0x0000000100000000)
  region size 1024K, 13 young (13312K), 2 survivors (2048K)
 Metaspace       used 5517K, committed 5696K, reserved 1114112K
  class space    used 667K, committed 768K, reserved 1048576K
}
Event: 1.367 GC heap after
{Heap after GC invocations=2 (full 0):
 garbage-first heap   total 63488K, used 3918K [0x00000000c2000000, 0x0000000100000000)
  region size 1024K, 1 young (1024K), 1 survivors (1024K)
 Metaspace       used 5517K, committed 5696K, reserved 1114112K
  class space    used 667K, committed 768K, reserved 1048576K
}
Event: 2.156 GC heap before
{Heap before GC invocations=2 (full 0):
 garbage-first heap   total 63488K, used 27470K [0x00000000c2000000, 0x0000000100000000)
  region size 1024K, 25 young (25600K), 1 survivors (1024K)
 Metaspace       used 8757K, committed 8896K, reserved 1114112K
  class space    used 1058K, committed 1152K, reserved 1048576K
}
Event: 2.164 GC heap after
{Heap after GC invocations=3 (full 0):
 garbage-first heap   total 63488K, used 4940K [0x00000000c2000000, 0x0000000100000000)
  region size 1024K, 2 young (2048K), 2 survivors (2048K)
 Metaspace       used 8757K, committed 8896K, reserved 1114112K
  class space    used 1058K, committed 1152K, reserved 1048576K
}
Event: 3.670 GC heap before
{Heap before GC invocations=3 (full 0):
 garbage-first heap   total 63488K, used 40780K [0x00000000c2000000, 0x0000000100000000)
  region size 1024K, 37 young (37888K), 2 survivors (2048K)
 Metaspace       used 14695K, committed 14912K, reserved 1114112K
  class space    used 1792K, committed 1856K, reserved 1048576K
}
Event: 3.684 GC heap after
{Heap after GC invocations=4 (full 0):
 garbage-first heap   total 63488K, used 8518K [0x00000000c2000000, 0x0000000100000000)
  region size 1024K, 5 young (5120K), 5 survivors (5120K)
 Metaspace       used 14695K, committed 14912K, reserved 1114112K
  class space    used 1792K, committed 1856K, reserved 1048576K
}
Event: 4.660 GC heap before
{Heap before GC invocations=4 (full 0):
 garbage-first heap   total 63488K, used 41286K [0x00000000c2000000, 0x0000000100000000)
  region size 1024K, 37 young (37888K), 5 survivors (5120K)
 Metaspace       used 15590K, committed 15808K, reserved 1114112K
  class space    used 1862K, committed 1920K, reserved 1048576K
}
Event: 4.683 GC heap after
{Heap after GC invocations=5 (full 0):
 garbage-first heap   total 63488K, used 12492K [0x00000000c2000000, 0x0000000100000000)
  region size 1024K, 4 young (4096K), 4 survivors (4096K)
 Metaspace       used 15590K, committed 15808K, reserved 1114112K
  class space    used 1862K, committed 1920K, reserved 1048576K
}
Event: 5.549 GC heap before
{Heap before GC invocations=5 (full 0):
 garbage-first heap   total 63488K, used 43212K [0x00000000c2000000, 0x0000000100000000)
  region size 1024K, 34 young (34816K), 4 survivors (4096K)
 Metaspace       used 15950K, committed 16128K, reserved 1114112K
  class space    used 1872K, committed 1920K, reserved 1048576K
}
Event: 5.562 GC heap after
{Heap after GC invocations=6 (full 0):
 garbage-first heap   total 63488K, used 13714K [0x00000000c2000000, 0x0000000100000000)
  region size 1024K, 2 young (2048K), 2 survivors (2048K)
 Metaspace       used 15950K, committed 16128K, reserved 1114112K
  class space    used 1872K, committed 1920K, reserved 1048576K
}
Event: 6.250 GC heap before
{Heap before GC invocations=6 (full 0):
 garbage-first heap   total 63488K, used 37266K [0x00000000c2000000, 0x0000000100000000)
  region size 1024K, 18 young (18432K), 2 survivors (2048K)
 Metaspace       used 16992K, committed 17280K, reserved 1114112K
  class space    used 1995K, committed 2112K, reserved 1048576K
}
Event: 6.260 GC heap after
{Heap after GC invocations=7 (full 0):
 garbage-first heap   total 63488K, used 23097K [0x00000000c2000000, 0x0000000100000000)
  region size 1024K, 3 young (3072K), 3 survivors (3072K)
 Metaspace       used 16992K, committed 17280K, reserved 1114112K
  class space    used 1995K, committed 2112K, reserved 1048576K
}
Event: 6.263 GC heap before
{Heap before GC invocations=7 (full 0):
 garbage-first heap   total 63488K, used 35385K [0x00000000c2000000, 0x0000000100000000)
  region size 1024K, 4 young (4096K), 3 survivors (3072K)
 Metaspace       used 16992K, committed 17280K, reserved 1114112K
  class space    used 1995K, committed 2112K, reserved 1048576K
}
Event: 6.269 GC heap after
{Heap after GC invocations=8 (full 0):
 garbage-first heap   total 76800K, used 35451K [0x00000000c2000000, 0x0000000100000000)
  region size 1024K, 2 young (2048K), 2 survivors (2048K)
 Metaspace       used 16992K, committed 17280K, reserved 1114112K
  class space    used 1995K, committed 2112K, reserved 1048576K
}
Event: 7.820 GC heap before
{Heap before GC invocations=9 (full 0):
 garbage-first heap   total 83968K, used 64123K [0x00000000c2000000, 0x0000000100000000)
  region size 1024K, 20 young (20480K), 2 survivors (2048K)
 Metaspace       used 19788K, committed 20096K, reserved 1114112K
  class space    used 2313K, committed 2432K, reserved 1048576K
}
Event: 7.827 GC heap after
{Heap after GC invocations=10 (full 0):
 garbage-first heap   total 83968K, used 15691K [0x00000000c2000000, 0x0000000100000000)
  region size 1024K, 3 young (3072K), 3 survivors (3072K)
 Metaspace       used 19788K, committed 20096K, reserved 1114112K
  class space    used 2313K, committed 2432K, reserved 1048576K
}

